#
# There is insufficient memory for the Java Runtime Environment to continue.
# Native memory allocation (malloc) failed to allocate 133456 bytes for Chunk::new
# Possible reasons:
#   The system is out of physical RAM or swap space
#   In 32 bit mode, the process size limit was hit
# Possible solutions:
#   Reduce memory load on the system
#   Increase physical memory or swap space
#   Check if swap backing store is full
#   Use 64 bit Java on a 64 bit OS
#   Decrease Java heap size (-Xmx/-Xms)
#   Decrease number of Java threads
#   Decrease Java thread stack sizes (-Xss)
#   Set larger code cache with -XX:ReservedCodeCacheSize=
# This output file may be truncated or incomplete.
#
#  Out of Memory Error (allocation.cpp:390), pid=688, tid=0x00000000000019b0
#
# JRE version: Java(TM) SE Runtime Environment (8.0_111-b14) (build 1.8.0_111-b14)
# Java VM: Java HotSpot(TM) 64-Bit Server VM (25.111-b14 mixed mode windows-amd64 compressed oops)
# Failed to write core dump. Minidumps are not enabled by default on client versions of Windows
#

---------------  T H R E A D  ---------------

Current thread (0x0000000015213800):  JavaThread "C2 CompilerThread1" daemon [_thread_in_native, id=6576, stack(0x0000000016970000,0x0000000016a70000)]

Stack: [0x0000000016970000,0x0000000016a70000]
[error occurred during error reporting (printing stack bounds), id 0xc0000005]

Native frames: (J=compiled Java code, j=interpreted, Vv=VM code, C=native code)


Current CompileTask:
C2:   3696  523       4       sun.awt.image.PNGImageDecoder::filterRow (459 bytes)


---------------  P R O C E S S  ---------------

Java Threads: ( => current thread )
  0x0000000018341000 JavaThread "Image Fetcher 1" daemon [_thread_blocked, id=5300, stack(0x0000000018ee0000,0x0000000018fe0000)]
  0x00000000183e4000 JavaThread "Image Fetcher 0" daemon [_thread_blocked, id=8972, stack(0x0000000018be0000,0x0000000018ce0000)]
  0x0000000002f70800 JavaThread "DestroyJavaVM" [_thread_blocked, id=1144, stack(0x0000000002dc0000,0x0000000002ec0000)]
  0x0000000016f02000 JavaThread "AWT-EventQueue-0" [_thread_in_native, id=10536, stack(0x0000000017ad0000,0x0000000017bd0000)]
  0x0000000016ef1800 JavaThread "AWT-Windows" daemon [_thread_in_native, id=10264, stack(0x00000000174b0000,0x00000000175b0000)]
  0x0000000016eed800 JavaThread "AWT-Shutdown" [_thread_blocked, id=5816, stack(0x00000000173b0000,0x00000000174b0000)]
  0x0000000016eed000 JavaThread "Java2D Disposer" daemon [_thread_blocked, id=6320, stack(0x00000000172b0000,0x00000000173b0000)]
  0x0000000016b90800 JavaThread "Service Thread" daemon [_thread_blocked, id=11200, stack(0x0000000016f70000,0x0000000017070000)]
  0x0000000015219000 JavaThread "C1 CompilerThread2" daemon [_thread_blocked, id=10164, stack(0x0000000016a70000,0x0000000016b70000)]
=>0x0000000015213800 JavaThread "C2 CompilerThread1" daemon [_thread_in_native, id=6576, stack(0x0000000016970000,0x0000000016a70000)]
  0x000000001520c800 JavaThread "C2 CompilerThread0" daemon [_thread_blocked, id=9812, stack(0x0000000016870000,0x0000000016970000)]
  0x000000001520b000 JavaThread "Attach Listener" daemon [_thread_blocked, id=9192, stack(0x0000000016770000,0x0000000016870000)]
  0x0000000015209800 JavaThread "Signal Dispatcher" daemon [_thread_blocked, id=2188, stack(0x0000000016670000,0x0000000016770000)]
  0x00000000151f9000 JavaThread "Finalizer" daemon [_thread_blocked, id=10880, stack(0x0000000016470000,0x0000000016570000)]
  0x0000000003060000 JavaThread "Reference Handler" daemon [_thread_blocked, id=6300, stack(0x0000000016370000,0x0000000016470000)]

Other Threads:
  0x00000000151d7800 VMThread [stack: 0x0000000016270000,0x0000000016370000] [id=9556]
  0x0000000016baa000 WatcherThread [stack: 0x0000000017070000,0x0000000017170000] [id=10096]

VM state:not at safepoint (normal execution)

VM Mutex/Monitor currently owned by a thread: None

Heap:
 PSYoungGen      total 16896K, used 7104K [0x00000000eda00000, 0x00000000eec80000, 0x0000000100000000)
  eden space 14848K, 47% used [0x00000000eda00000,0x00000000ee0f0118,0x00000000ee880000)
  from space 2048K, 0% used [0x00000000eea80000,0x00000000eea80000,0x00000000eec80000)
  to   space 2048K, 0% used [0x00000000ee880000,0x00000000ee880000,0x00000000eea80000)
 ParOldGen       total 38400K, used 0K [0x00000000c8e00000, 0x00000000cb380000, 0x00000000eda00000)
  object space 38400K, 0% used [0x00000000c8e00000,0x00000000c8e00000,0x00000000cb380000)
 Metaspace       used 11722K, capacity 11884K, committed 12160K, reserved 1060864K
  class space    used 1564K, capacity 1640K, committed 1664K, reserved 1048576K

Card table byte_map: [0x0000000012430000,0x00000000125f0000] byte_map_base: 0x0000000011de9000

Marking Bits: (ParMarkBitMap*) 0x000000005e03a6c0
 Begin Bits: [0x0000000012b20000, 0x00000000138e8000)
 End Bits:   [0x00000000138e8000, 0x00000000146b0000)

Polling page: 0x0000000000df0000

CodeCache: size=245760Kb used=2466Kb max_used=2466Kb free=243293Kb
 bounds [0x0000000003070000, 0x00000000032e0000, 0x0000000012070000]
 total_blobs=962 nmethods=531 adapters=345
 compilation: enabled

Compilation events (10 events):
Event: 3.625 Thread 0x0000000015219000  528       3       java.awt.ImageMediaEntry::imageUpdate (51 bytes)
Event: 3.626 Thread 0x0000000015219000 nmethod 528 0x00000000032d3e90 code [0x00000000032d4040, 0x00000000032d4948]
Event: 3.626 Thread 0x0000000015219000  529       3       sun.awt.image.InputStreamImageSource::latchConsumers (6 bytes)
Event: 3.627 Thread 0x0000000015219000 nmethod 529 0x00000000032b1110 code [0x00000000032b1280, 0x00000000032b1708]
Event: 3.627 Thread 0x0000000015219000  530       3       sun.awt.image.PNGImageDecoder::sendPixels (44 bytes)
Event: 3.627 Thread 0x0000000015219000 nmethod 530 0x00000000032d4bd0 code [0x00000000032d4d40, 0x00000000032d5008]
Event: 3.627 Thread 0x0000000015219000  531   !   3       sun.awt.image.ImageRepresentation::setPixels (535 bytes)
Event: 3.633 Thread 0x0000000015219000 nmethod 531 0x00000000032d50d0 code [0x00000000032d5440, 0x00000000032d77f8]
Event: 3.633 Thread 0x0000000015219000  532       3       sun.awt.image.IntegerInterleavedRaster::setDataElements (137 bytes)
Event: 3.635 Thread 0x0000000015219000 nmethod 532 0x00000000032d8f90 code [0x00000000032d9140, 0x00000000032d9918]

GC Heap History (0 events):
No events

Deoptimization events (8 events):
Event: 2.007 Thread 0x0000000016f02000 Uncommon trap: reason=unstable_if action=reinterpret pc=0x0000000003246274 method=java.util.HashMap.getNode(ILjava/lang/Object;)Ljava/util/HashMap$Node; @ 84
Event: 2.007 Thread 0x0000000016f02000 Uncommon trap: reason=unstable_if action=reinterpret pc=0x00000000032553c4 method=java.util.HashMap.getNode(ILjava/lang/Object;)Ljava/util/HashMap$Node; @ 84
Event: 2.057 Thread 0x0000000016f02000 Uncommon trap: reason=unstable_if action=reinterpret pc=0x0000000003280378 method=java.util.HashMap.putVal(ILjava/lang/Object;Ljava/lang/Object;ZZ)Ljava/lang/Object; @ 109
Event: 2.081 Thread 0x0000000016f02000 Uncommon trap: reason=null_check action=make_not_entrant pc=0x0000000003282274 method=javax.swing.plaf.nimbus.DerivedColor.equals(Ljava/lang/Object;)Z @ 8
Event: 2.085 Thread 0x0000000016f02000 Uncommon trap: reason=class_check action=maybe_recompile pc=0x0000000003284640 method=javax.swing.plaf.nimbus.DerivedColor$UIResource.equals(Ljava/lang/Object;)Z @ 1
Event: 2.085 Thread 0x0000000016f02000 Uncommon trap: reason=class_check action=maybe_recompile pc=0x0000000003284640 method=javax.swing.plaf.nimbus.DerivedColor$UIResource.equals(Ljava/lang/Object;)Z @ 1
Event: 2.085 Thread 0x0000000016f02000 Uncommon trap: reason=class_check action=maybe_recompile pc=0x0000000003284640 method=javax.swing.plaf.nimbus.DerivedColor$UIResource.equals(Ljava/lang/Object;)Z @ 1
Event: 2.085 Thread 0x0000000016f02000 Uncommon trap: reason=class_check action=maybe_recompile pc=0x0000000003284640 method=javax.swing.plaf.nimbus.DerivedColor$UIResource.equals(Ljava/lang/Object;)Z @ 1

Internal exceptions (10 events):
Event: 1.022 Thread 0x0000000002f70800 Exception <a 'java/lang/ClassNotFoundException': ToggleButton> (0x00000000edd5d380) thrown at [C:\re\workspace\8-2-build-windows-amd64-cygwin\jdk8u111\7883\hotspot\src\share\vm\classfile\systemDictionary.cpp, line 210]
Event: 1.022 Thread 0x0000000002f70800 Exception <a 'java/lang/ClassNotFoundException': javax/swing/JToolBarSeparator> (0x00000000edd5d7e0) thrown at [C:\re\workspace\8-2-build-windows-amd64-cygwin\jdk8u111\7883\hotspot\src\share\vm\classfile\systemDictionary.cpp, line 210]
Event: 1.022 Thread 0x0000000002f70800 Exception <a 'java/lang/ClassNotFoundException': ToolBarSeparator> (0x00000000edd5dc78) thrown at [C:\re\workspace\8-2-build-windows-amd64-cygwin\jdk8u111\7883\hotspot\src\share\vm\classfile\systemDictionary.cpp, line 210]
Event: 1.023 Thread 0x0000000002f70800 Exception <a 'java/lang/ClassNotFoundException': ToolTip> (0x00000000edd5e3b8) thrown at [C:\re\workspace\8-2-build-windows-amd64-cygwin\jdk8u111\7883\hotspot\src\share\vm\classfile\systemDictionary.cpp, line 210]
Event: 1.027 Thread 0x0000000002f70800 Exception <a 'java/lang/ClassNotFoundException': Tree> (0x00000000edd5efd8) thrown at [C:\re\workspace\8-2-build-windows-amd64-cygwin\jdk8u111\7883\hotspot\src\share\vm\classfile\systemDictionary.cpp, line 210]
Event: 1.027 Thread 0x0000000002f70800 Exception <a 'java/lang/ClassNotFoundException': Tree> (0x00000000edd5f718) thrown at [C:\re\workspace\8-2-build-windows-amd64-cygwin\jdk8u111\7883\hotspot\src\share\vm\classfile\systemDictionary.cpp, line 210]
Event: 1.027 Thread 0x0000000002f70800 Exception <a 'java/lang/ClassNotFoundException': javax/swing/JTreeCell> (0x00000000edd5fa98) thrown at [C:\re\workspace\8-2-build-windows-amd64-cygwin\jdk8u111\7883\hotspot\src\share\vm\classfile\systemDictionary.cpp, line 210]
Event: 1.028 Thread 0x0000000002f70800 Exception <a 'java/lang/ClassNotFoundException': TreeCell> (0x00000000edd5ff20) thrown at [C:\re\workspace\8-2-build-windows-amd64-cygwin\jdk8u111\7883\hotspot\src\share\vm\classfile\systemDictionary.cpp, line 210]
Event: 1.028 Thread 0x0000000002f70800 Exception <a 'java/lang/ClassNotFoundException': RootPane> (0x00000000edd60980) thrown at [C:\re\workspace\8-2-build-windows-amd64-cygwin\jdk8u111\7883\hotspot\src\share\vm\classfile\systemDictionary.cpp, line 210]
Event: 2.081 Thread 0x0000000016f02000 Implicit null exception at 0x0000000003281f5a to 0x0000000003282265

Events (10 events):
Event: 3.386 loading class bioskop/booking$2
Event: 3.386 loading class bioskop/booking$2 done
Event: 3.471 loading class bioskop/booking$3
Event: 3.471 loading class bioskop/booking$3 done
Event: 3.548 loading class bioskop/booking$4
Event: 3.548 loading class bioskop/booking$4 done
Event: 3.621 Thread 0x00000000183e4000 DEOPT PACKING pc=0x00000000032ac66e sp=0x0000000018cdeca0
Event: 3.621 Thread 0x00000000183e4000 DEOPT UNPACKING pc=0x00000000030b747f sp=0x0000000018cde998 mode 0
Event: 3.635 loading class bioskop/booking$5
Event: 3.635 loading class bioskop/booking$5 done


Dynamic libraries:
0x00007ff7edb40000 - 0x00007ff7edb77000 	C:\Program Files\Java\jdk1.8.0_111\bin\java.exe
0x00007ffe5d460000 - 0x00007ffe5d64d000 	C:\Windows\SYSTEM32\ntdll.dll
0x00007ffe5cfc0000 - 0x00007ffe5d073000 	C:\Windows\System32\KERNEL32.DLL
0x00007ffe5a040000 - 0x00007ffe5a2d5000 	C:\Windows\System32\KERNELBASE.dll
0x00007ffe5cbf0000 - 0x00007ffe5cc93000 	C:\Windows\System32\ADVAPI32.dll
0x00007ffe5a690000 - 0x00007ffe5a72e000 	C:\Windows\System32\msvcrt.dll
0x00007ffe5cd50000 - 0x00007ffe5cdee000 	C:\Windows\System32\sechost.dll
0x00007ffe5be50000 - 0x00007ffe5bf72000 	C:\Windows\System32\RPCRT4.dll
0x00007ffe5c3f0000 - 0x00007ffe5c587000 	C:\Windows\System32\USER32.dll
0x00007ffe5a2e0000 - 0x00007ffe5a300000 	C:\Windows\System32\win32u.dll
0x00007ffe5cd00000 - 0x00007ffe5cd29000 	C:\Windows\System32\GDI32.dll
0x00007ffe5a4e0000 - 0x00007ffe5a679000 	C:\Windows\System32\gdi32full.dll
0x00007ffe59f20000 - 0x00007ffe59fc0000 	C:\Windows\System32\msvcp_win.dll
0x00007ffe59d80000 - 0x00007ffe59e7a000 	C:\Windows\System32\ucrtbase.dll
0x00007ffe46740000 - 0x00007ffe469b9000 	C:\Windows\WinSxS\amd64_microsoft.windows.common-controls_6595b64144ccf1df_6.0.17763.1158_none_de722d88534a897f\COMCTL32.dll
0x00007ffe5bf80000 - 0x00007ffe5c2ac000 	C:\Windows\System32\combase.dll
0x00007ffe59e80000 - 0x00007ffe59efe000 	C:\Windows\System32\bcryptPrimitives.dll
0x00007ffe5ca10000 - 0x00007ffe5ca3e000 	C:\Windows\System32\IMM32.DLL
0x000000005d740000 - 0x000000005d812000 	C:\Program Files\Java\jdk1.8.0_111\jre\bin\msvcr100.dll
0x000000005d820000 - 0x000000005e0ba000 	C:\Program Files\Java\jdk1.8.0_111\jre\bin\server\jvm.dll
0x00007ffe5cd40000 - 0x00007ffe5cd48000 	C:\Windows\System32\PSAPI.DLL
0x00007ffe57720000 - 0x00007ffe57744000 	C:\Windows\SYSTEM32\WINMM.dll
0x00007ffe550b0000 - 0x00007ffe550ba000 	C:\Windows\SYSTEM32\VERSION.dll
0x00007ffe39b10000 - 0x00007ffe39b19000 	C:\Windows\SYSTEM32\WSOCK32.dll
0x00007ffe5cdf0000 - 0x00007ffe5ce5d000 	C:\Windows\System32\WS2_32.dll
0x00007ffe576f0000 - 0x00007ffe5771d000 	C:\Windows\SYSTEM32\WINMMBASE.dll
0x00007ffe59ff0000 - 0x00007ffe5a03a000 	C:\Windows\System32\cfgmgr32.dll
0x000000005d6f0000 - 0x000000005d6ff000 	C:\Program Files\Java\jdk1.8.0_111\jre\bin\verify.dll
0x000000005d6c0000 - 0x000000005d6e9000 	C:\Program Files\Java\jdk1.8.0_111\jre\bin\java.dll
0x000000005d6a0000 - 0x000000005d6b6000 	C:\Program Files\Java\jdk1.8.0_111\jre\bin\zip.dll
0x00007ffe5a730000 - 0x00007ffe5bc24000 	C:\Windows\System32\SHELL32.dll
0x00007ffe5d2d0000 - 0x00007ffe5d378000 	C:\Windows\System32\shcore.dll
0x00007ffe59630000 - 0x00007ffe59d7d000 	C:\Windows\System32\windows.storage.dll
0x00007ffe594d0000 - 0x00007ffe594f4000 	C:\Windows\System32\profapi.dll
0x00007ffe59470000 - 0x00007ffe594cd000 	C:\Windows\System32\powrprof.dll
0x00007ffe5c2b0000 - 0x00007ffe5c302000 	C:\Windows\System32\shlwapi.dll
0x00007ffe59450000 - 0x00007ffe59461000 	C:\Windows\System32\kernel.appcore.dll
0x00007ffe59f00000 - 0x00007ffe59f17000 	C:\Windows\System32\cryptsp.dll
0x000000005d4c0000 - 0x000000005d658000 	C:\Program Files\Java\jdk1.8.0_111\jre\bin\awt.dll
0x00007ffe5bc50000 - 0x00007ffe5bd14000 	C:\Windows\System32\OLEAUT32.dll
0x00007ffe57660000 - 0x00007ffe576ec000 	C:\Windows\SYSTEM32\apphelp.dll
0x00007ffe57a00000 - 0x00007ffe57a9c000 	C:\Windows\system32\uxtheme.dll
0x00007ffe5d100000 - 0x00007ffe5d26b000 	C:\Windows\System32\MSCTF.dll
0x00007ffe57e30000 - 0x00007ffe57e5e000 	C:\Windows\system32\dwmapi.dll
0x00007ffe5a300000 - 0x00007ffe5a4dc000 	C:\Windows\System32\CRYPT32.dll
0x00007ffe59500000 - 0x00007ffe59512000 	C:\Windows\System32\MSASN1.dll
0x00007ffe5ce60000 - 0x00007ffe5cfb5000 	C:\Windows\System32\ole32.dll
0x000000005d470000 - 0x000000005d4b7000 	C:\Program Files\Java\jdk1.8.0_111\jre\bin\fontmanager.dll
0x00007ffe15110000 - 0x00007ffe152ae000 	C:\Windows\system32\d3d9.dll
0x00007ffe550c0000 - 0x00007ffe5529a000 	C:\Windows\System32\DriverStore\FileRepository\u0340989.inf_amd64_59a3187fb3f00c07\B339999\aticfx64.dll
0x00007ffe1bb40000 - 0x00007ffe1bb70000 	C:\Windows\System32\DriverStore\FileRepository\u0340989.inf_amd64_59a3187fb3f00c07\B339999\atiu9p64.dll
0x00007ffe12440000 - 0x00007ffe130c3000 	C:\Windows\System32\DriverStore\FileRepository\u0340989.inf_amd64_59a3187fb3f00c07\B339999\atiumd64.dll
0x000000005fdb0000 - 0x0000000060a5f000 	C:\Windows\System32\DriverStore\FileRepository\u0340989.inf_amd64_59a3187fb3f00c07\B339999\atiumd6a.dll
0x000000005f0d0000 - 0x000000005fda5000 	C:\Windows\System32\DriverStore\FileRepository\u0340989.inf_amd64_59a3187fb3f00c07\B339999\atiumd6t.dll
0x00007ffe53270000 - 0x00007ffe53299000 	C:\Windows\SYSTEM32\amdihk64.dll

VM Arguments:
jvm_args: -Dfile.encoding=UTF-8 
java_command: bioskop.booking
java_class_path (initial): C:\Program Files\NetBeans 8.0\ide\modules\ext\mysql-connector-java-5.1.23-bin.jar;D:\PROJECT_VISUAL;C:\Program Files (x86)\ConnectCodeTrial;D:\PROJECT_VISUAL\coba1\build\classes
Launcher Type: SUN_STANDARD

Environment Variables:
JAVA_HOME=C:\Program Files\Java
PATH=C:\ProgramData\Oracle\Java\javapath;C:\Users\acer\Documents\jdk\javafx-src.zip;C:\Program Files\dotnet\;C:\Users\acer\AppData\Local\Microsoft\WindowsApps
USERNAME=acer
OS=Windows_NT
PROCESSOR_IDENTIFIER=AMD64 Family 23 Model 24 Stepping 1, AuthenticAMD



---------------  S Y S T E M  ---------------

OS: Windows 10.0 , 64 bit Build 17763 (10.0.17763.1158)

CPU:total 4 (4 cores per cpu, 1 threads per core) family 23 model 24 stepping 1, cmov, cx8, fxsr, mmx, sse, sse2, sse3, ssse3, sse4.1, sse4.2, popcnt, avx, avx2, aes, clmul, mmxext, 3dnowpref, lzcnt, sse4a, tsc, tscinvbit, tscinv, bmi1

Memory: 4k page, physical 3607180k(389472k free), swap 14617228k(392k free)

vm_info: Java HotSpot(TM) 64-Bit Server VM (25.111-b14) for windows-amd64 JRE (1.8.0_111-b14), built on Sep 22 2016 19:24:05 by "java_re" with MS VC++ 10.0 (VS2010)

time: Wed May 13 20:20:03 2020
elapsed time: 3 seconds (0d 0h 0m 3s)

